------------------------------------------------------------------------------------------------------------------------

[2026-03-02 11:14:46 #1 store] 
Database 'C:\Users\Usuario\OneDrive - UPV EHU\FresaObsidian\02_School\0002Año\IS\Laboratorio\IS_25-26_Proyecto\src\main\resources\products.temp' has been recovered (tr. 1-9)

[2026-03-02 11:14:46 #2 store] 
Database 'C:\Users\Usuario\OneDrive - UPV EHU\FresaObsidian\02_School\0002Año\IS\Laboratorio\IS_25-26_Proyecto\src\main\resources\products.temp' is opened by 19364@DESKTOP-Helen

[2026-03-02 11:14:46 #3 type] 
Type domain.User is not enhanced.

[2026-03-02 11:14:46 #4 type] 
Type domain.Seller is not enhanced.

[2026-03-02 11:14:46 #5 type] 
Type domain.Sale is not enhanced.

[2026-03-02 11:14:46 #6 type] 
Type domain.Buyer is not enhanced.

[2026-03-02 11:14:46 #7 type] 
Type domain.AcceptedOffer is not enhanced.

[2026-03-02 11:14:46 #8 type.registry] 
New type java.util.ArrayList<domain.AcceptedOffer>

[2026-03-02 11:14:46 #9 type.registry] 
New type com.objectdb.o.LMT

[2026-03-02 11:14:46 #10 type.registry] 
New type com.objectdb.o.VAL

[2026-03-02 11:14:46 #11 type.registry] 
New type com.objectdb.o.RFV

[2026-03-02 11:14:46 #12 type.registry] 
New type java.util.ArrayList<domain.Sale>

[2026-03-02 11:14:46 #13 store] 
Database 'C:\Users\Usuario\OneDrive - UPV EHU\FresaObsidian\02_School\0002Año\IS\Laboratorio\IS_25-26_Proyecto\src\main\resources\products.temp' is closed by 19364@DESKTOP-Helen

